<?xml version="1.0" encoding="UTF-8"?>
<!-- Generated by org.testng.reporters.JUnitReportReporter -->
<testsuite skipped="0" hostname="PC-261" name="testScripts.login.TestLogin1" tests="1" failures="0" timestamp="20 Nov 2017 10:01:04 GMT" time="12.998" errors="0">
  <testcase name="testLogin" time="12.998" classname="testScripts.login.TestLogin1"/>
</testsuite> <!-- testScripts.login.TestLogin1 -->
