<?xml version="1.0" encoding="UTF-8"?>
<!-- Generated by org.testng.reporters.JUnitReportReporter -->
<testsuite skipped="0" hostname="PC-261" name="testScripts.login.UpdateProfile1Test" tests="1" failures="0" timestamp="02 Feb 2018 12:00:25 GMT" time="33.654" errors="0">
  <testcase name="updateprofile" time="33.654" classname="testScripts.login.UpdateProfile1Test"/>
</testsuite> <!-- testScripts.login.UpdateProfile1Test -->
