<?xml version="1.0" encoding="UTF-8"?>
<!-- Generated by org.testng.reporters.JUnitReportReporter -->
<testsuite skipped="0" hostname="PC-261" name="testScripts.login.UpdateProfile1" tests="1" failures="0" timestamp="20 Nov 2017 10:01:04 GMT" time="9.235" errors="0">
  <testcase name="updateprofile" time="9.235" classname="testScripts.login.UpdateProfile1"/>
</testsuite> <!-- testScripts.login.UpdateProfile1 -->
