<?xml version="1.0" encoding="UTF-8"?>
<!-- Generated by org.testng.reporters.JUnitReportReporter -->
<testsuite skipped="0" hostname="PC-261" name="testScripts.login.UpdateProfile1Test" tests="1" failures="0" timestamp="23 Nov 2017 07:31:59 GMT" time="6.819" errors="0">
  <testcase name="updateprofile" time="6.819" classname="testScripts.login.UpdateProfile1Test"/>
</testsuite> <!-- testScripts.login.UpdateProfile1Test -->
