<?xml version="1.0" encoding="UTF-8"?>
<!-- Generated by org.testng.reporters.JUnitReportReporter -->
<testsuite skipped="0" hostname="PC-261" name="testScripts.login.TestLogin1Test" tests="1" failures="0" timestamp="23 Nov 2017 07:31:59 GMT" time="11.430" errors="0">
  <testcase name="testLogin" time="11.430" classname="testScripts.login.TestLogin1Test"/>
</testsuite> <!-- testScripts.login.TestLogin1Test -->
